<?xml version="1.0" encoding="UTF-8"?>
<testsuite name="com.example.account.controller.AccountControllerTest" tests="4" skipped="0" failures="0" errors="0" timestamp="2022-09-25T13:05:57" hostname="DESKTOP-IVVS8I6" time="1.075">
  <properties/>
  <testcase name="계좌 생성 성공" classname="com.example.account.controller.AccountControllerTest" time="0.89"/>
  <testcase name="계좌 확인 성공" classname="com.example.account.controller.AccountControllerTest" time="0.053"/>
  <testcase name="failGetAccount()" classname="com.example.account.controller.AccountControllerTest" time="0.038"/>
  <testcase name="계좌 해지 성공" classname="com.example.account.controller.AccountControllerTest" time="0.081"/>
  <system-out><![CDATA[2022-09-25 22:05:52.123  INFO 13752 --- [    Test worker] .b.t.a.w.s.WebMvcTestContextBootstrapper : Neither @ContextConfiguration nor @ContextHierarchy found for test class [com.example.account.controller.AccountControllerTest], using SpringBootContextLoader
2022-09-25 22:05:52.133  INFO 13752 --- [    Test worker] o.s.t.c.support.AbstractContextLoader    : Could not detect default resource locations for test class [com.example.account.controller.AccountControllerTest]: no resource found for suffixes {-context.xml, Context.groovy}.
2022-09-25 22:05:52.136  INFO 13752 --- [    Test worker] t.c.s.AnnotationConfigContextLoaderUtils : Could not detect default configuration classes for test class [com.example.account.controller.AccountControllerTest]: AccountControllerTest does not declare any static, non-private, non-final, nested classes annotated with @Configuration.
2022-09-25 22:05:52.232  INFO 13752 --- [    Test worker] .b.t.c.SpringBootTestContextBootstrapper : Found @SpringBootConfiguration com.example.account.AccountApplication for test class com.example.account.controller.AccountControllerTest
2022-09-25 22:05:52.237  INFO 13752 --- [    Test worker] .b.t.a.w.s.WebMvcTestContextBootstrapper : Loaded default TestExecutionListener class names from location [META-INF/spring.factories]: [org.springframework.boot.test.autoconfigure.restdocs.RestDocsTestExecutionListener, org.springframework.boot.test.autoconfigure.web.client.MockRestServiceServerResetTestExecutionListener, org.springframework.boot.test.autoconfigure.web.servlet.MockMvcPrintOnlyOnFailureTestExecutionListener, org.springframework.boot.test.autoconfigure.web.servlet.WebDriverTestExecutionListener, org.springframework.boot.test.autoconfigure.webservices.client.MockWebServiceServerTestExecutionListener, org.springframework.boot.test.mock.mockito.MockitoTestExecutionListener, org.springframework.boot.test.mock.mockito.ResetMocksTestExecutionListener, org.springframework.test.context.web.ServletTestExecutionListener, org.springframework.test.context.support.DirtiesContextBeforeModesTestExecutionListener, org.springframework.test.context.event.ApplicationEventsTestExecutionListener, org.springframework.test.context.support.DependencyInjectionTestExecutionListener, org.springframework.test.context.support.DirtiesContextTestExecutionListener, org.springframework.test.context.transaction.TransactionalTestExecutionListener, org.springframework.test.context.jdbc.SqlScriptsTestExecutionListener, org.springframework.test.context.event.EventPublishingTestExecutionListener]
2022-09-25 22:05:52.238  INFO 13752 --- [    Test worker] .b.t.a.w.s.WebMvcTestContextBootstrapper : Using TestExecutionListeners: [org.springframework.test.context.web.ServletTestExecutionListener@41f61188, org.springframework.test.context.support.DirtiesContextBeforeModesTestExecutionListener@d7c4fcb, org.springframework.test.context.event.ApplicationEventsTestExecutionListener@61d527ac, org.springframework.boot.test.mock.mockito.MockitoTestExecutionListener@498503cb, org.springframework.boot.test.autoconfigure.SpringBootDependencyInjectionTestExecutionListener@380e3122, org.springframework.test.context.support.DirtiesContextTestExecutionListener@576323ff, org.springframework.test.context.transaction.TransactionalTestExecutionListener@1fc386f8, org.springframework.test.context.jdbc.SqlScriptsTestExecutionListener@7eb94590, org.springframework.test.context.event.EventPublishingTestExecutionListener@3777fc44, org.springframework.boot.test.autoconfigure.restdocs.RestDocsTestExecutionListener@79454d8e, org.springframework.boot.test.autoconfigure.web.client.MockRestServiceServerResetTestExecutionListener@7ab2e018, org.springframework.boot.test.autoconfigure.web.servlet.MockMvcPrintOnlyOnFailureTestExecutionListener@4e13af1b, org.springframework.boot.test.autoconfigure.web.servlet.WebDriverTestExecutionListener@468eff41, org.springframework.boot.test.autoconfigure.webservices.client.MockWebServiceServerTestExecutionListener@1574f323, org.springframework.boot.test.mock.mockito.ResetMocksTestExecutionListener@78ab63b5]

  .   ____          _            __ _ _
 /\\ / ___'_ __ _ _(_)_ __  __ _ \ \ \ \
( ( )\___ | '_ | '_| | '_ \/ _` | \ \ \ \
 \\/  ___)| |_)| | | | | || (_| |  ) ) ) )
  '  |____| .__|_| |_|_| |_\__, | / / / /
 =========|_|==============|___/=/_/_/_/
 :: Spring Boot ::               (v2.6.11)

2022-09-25 22:05:52.713  INFO 13752 --- [    Test worker] c.e.a.controller.AccountControllerTest   : Starting AccountControllerTest using Java 11.0.16.1 on DESKTOP-IVVS8I6 with PID 13752 (started by anima in C:\sebinSample\Account)
2022-09-25 22:05:52.716  INFO 13752 --- [    Test worker] c.e.a.controller.AccountControllerTest   : No active profile set, falling back to 1 default profile: "default"
2022-09-25 22:05:56.970  INFO 13752 --- [    Test worker] o.s.b.t.m.w.SpringBootMockServletContext : Initializing Spring TestDispatcherServlet ''
2022-09-25 22:05:56.970  INFO 13752 --- [    Test worker] o.s.t.web.servlet.TestDispatcherServlet  : Initializing Servlet ''
2022-09-25 22:05:56.972  INFO 13752 --- [    Test worker] o.s.t.web.servlet.TestDispatcherServlet  : Completed initialization in 2 ms
2022-09-25 22:05:57.058  INFO 13752 --- [    Test worker] c.e.a.controller.AccountControllerTest   : Started AccountControllerTest in 4.801 seconds (JVM running for 23.164)

MockHttpServletRequest:
      HTTP Method = GET
      Request URI = /account
       Parameters = {user_id=[1]}
          Headers = []
             Body = null
    Session Attrs = {}

Handler:
             Type = com.example.account.controller.AccountController
           Method = com.example.account.controller.AccountController#getAccountByUserId(Long)

Async:
    Async started = false
     Async result = null

Resolved Exception:
             Type = null

ModelAndView:
        View name = null
             View = null
            Model = null

FlashMap:
       Attributes = null

MockHttpServletResponse:
           Status = 200
    Error message = null
          Headers = [Content-Type:"application/json"]
     Content type = application/json
             Body = [{"accountNumber":"100000000","balance":0},{"accountNumber":"100000001","balance":10000},{"accountNumber":"100000002","balance":20000}]
    Forwarded URL = null
   Redirected URL = null
          Cookies = []
2022-09-25 22:05:58.050 ERROR 13752 --- [    Test worker] c.e.a.exception.GlobalExceptionHandler   : ACCOUNT_NOT_FOUND is occured.

MockHttpServletRequest:
      HTTP Method = GET
      Request URI = /account
       Parameters = {user_id=[1]}
          Headers = []
             Body = null
    Session Attrs = {}

Handler:
             Type = com.example.account.controller.AccountController
           Method = com.example.account.controller.AccountController#getAccountByUserId(Long)

Async:
    Async started = false
     Async result = null

Resolved Exception:
             Type = com.example.account.exception.AccountException

ModelAndView:
        View name = null
             View = null
            Model = null

FlashMap:
       Attributes = null

MockHttpServletResponse:
           Status = 200
    Error message = null
          Headers = [Content-Type:"application/json"]
     Content type = application/json
             Body = {"errorCode":"ACCOUNT_NOT_FOUND","errorMessage":"계좌가 없습니다."}
    Forwarded URL = null
   Redirected URL = null
          Cookies = []

MockHttpServletRequest:
      HTTP Method = DELETE
      Request URI = /account
       Parameters = {}
          Headers = [Content-Type:"application/json;charset=UTF-8", Content-Length:"45"]
             Body = {"userId":33333,"accountNumber":"1234567890"}
    Session Attrs = {}

Handler:
             Type = com.example.account.controller.AccountController
           Method = com.example.account.controller.AccountController#deleteAccount(Request)

Async:
    Async started = false
     Async result = null

Resolved Exception:
             Type = null

ModelAndView:
        View name = null
             View = null
            Model = null

FlashMap:
       Attributes = null

MockHttpServletResponse:
           Status = 200
    Error message = null
          Headers = [Content-Type:"application/json"]
     Content type = application/json
             Body = {"userId":1,"accountNumber":"1111111111","unregisteredAt":"2022-08-21T14:23:00"}
    Forwarded URL = null
   Redirected URL = null
          Cookies = []
]]></system-out>
  <system-err><![CDATA[]]></system-err>
</testsuite>
