<?xml version="1.0" encoding="UTF-8"?>
<testsuite name="com.example.account.controller.AccountControllerTest" tests="4" skipped="0" failures="0" errors="0" timestamp="2022-09-25T14:25:19" hostname="DESKTOP-IVVS8I6" time="0.843">
  <properties/>
  <testcase name="계좌 생성 성공" classname="com.example.account.controller.AccountControllerTest" time="0.679"/>
  <testcase name="계좌 확인 성공" classname="com.example.account.controller.AccountControllerTest" time="0.052"/>
  <testcase name="failGetAccount()" classname="com.example.account.controller.AccountControllerTest" time="0.045"/>
  <testcase name="계좌 해지 성공" classname="com.example.account.controller.AccountControllerTest" time="0.055"/>
  <system-out><![CDATA[2022-09-25 23:25:16.121  INFO 30504 --- [    Test worker] .b.t.a.w.s.WebMvcTestContextBootstrapper : Neither @ContextConfiguration nor @ContextHierarchy found for test class [com.example.account.controller.AccountControllerTest], using SpringBootContextLoader
2022-09-25 23:25:16.134  INFO 30504 --- [    Test worker] o.s.t.c.support.AbstractContextLoader    : Could not detect default resource locations for test class [com.example.account.controller.AccountControllerTest]: no resource found for suffixes {-context.xml, Context.groovy}.
2022-09-25 23:25:16.138  INFO 30504 --- [    Test worker] t.c.s.AnnotationConfigContextLoaderUtils : Could not detect default configuration classes for test class [com.example.account.controller.AccountControllerTest]: AccountControllerTest does not declare any static, non-private, non-final, nested classes annotated with @Configuration.
2022-09-25 23:25:16.245  INFO 30504 --- [    Test worker] .b.t.c.SpringBootTestContextBootstrapper : Found @SpringBootConfiguration com.example.account.AccountApplication for test class com.example.account.controller.AccountControllerTest
2022-09-25 23:25:16.249  INFO 30504 --- [    Test worker] .b.t.a.w.s.WebMvcTestContextBootstrapper : Loaded default TestExecutionListener class names from location [META-INF/spring.factories]: [org.springframework.boot.test.autoconfigure.restdocs.RestDocsTestExecutionListener, org.springframework.boot.test.autoconfigure.web.client.MockRestServiceServerResetTestExecutionListener, org.springframework.boot.test.autoconfigure.web.servlet.MockMvcPrintOnlyOnFailureTestExecutionListener, org.springframework.boot.test.autoconfigure.web.servlet.WebDriverTestExecutionListener, org.springframework.boot.test.autoconfigure.webservices.client.MockWebServiceServerTestExecutionListener, org.springframework.boot.test.mock.mockito.MockitoTestExecutionListener, org.springframework.boot.test.mock.mockito.ResetMocksTestExecutionListener, org.springframework.test.context.web.ServletTestExecutionListener, org.springframework.test.context.support.DirtiesContextBeforeModesTestExecutionListener, org.springframework.test.context.event.ApplicationEventsTestExecutionListener, org.springframework.test.context.support.DependencyInjectionTestExecutionListener, org.springframework.test.context.support.DirtiesContextTestExecutionListener, org.springframework.test.context.transaction.TransactionalTestExecutionListener, org.springframework.test.context.jdbc.SqlScriptsTestExecutionListener, org.springframework.test.context.event.EventPublishingTestExecutionListener]
2022-09-25 23:25:16.251  INFO 30504 --- [    Test worker] .b.t.a.w.s.WebMvcTestContextBootstrapper : Using TestExecutionListeners: [org.springframework.test.context.web.ServletTestExecutionListener@6419726f, org.springframework.test.context.support.DirtiesContextBeforeModesTestExecutionListener@5d4a1d2c, org.springframework.test.context.event.ApplicationEventsTestExecutionListener@63f093a, org.springframework.boot.test.mock.mockito.MockitoTestExecutionListener@21132086, org.springframework.boot.test.autoconfigure.SpringBootDependencyInjectionTestExecutionListener@e36a4c1, org.springframework.test.context.support.DirtiesContextTestExecutionListener@3986b56, org.springframework.test.context.transaction.TransactionalTestExecutionListener@7d90d4c6, org.springframework.test.context.jdbc.SqlScriptsTestExecutionListener@453fcce2, org.springframework.test.context.event.EventPublishingTestExecutionListener@7e147828, org.springframework.boot.test.autoconfigure.restdocs.RestDocsTestExecutionListener@3e966e67, org.springframework.boot.test.autoconfigure.web.client.MockRestServiceServerResetTestExecutionListener@45dbbb97, org.springframework.boot.test.autoconfigure.web.servlet.MockMvcPrintOnlyOnFailureTestExecutionListener@7e383712, org.springframework.boot.test.autoconfigure.web.servlet.WebDriverTestExecutionListener@2330c5c5, org.springframework.boot.test.autoconfigure.webservices.client.MockWebServiceServerTestExecutionListener@2e587292, org.springframework.boot.test.mock.mockito.ResetMocksTestExecutionListener@36c763cd]

  .   ____          _            __ _ _
 /\\ / ___'_ __ _ _(_)_ __  __ _ \ \ \ \
( ( )\___ | '_ | '_| | '_ \/ _` | \ \ \ \
 \\/  ___)| |_)| | | | | || (_| |  ) ) ) )
  '  |____| .__|_| |_|_| |_\__, | / / / /
 =========|_|==============|___/=/_/_/_/
 :: Spring Boot ::               (v2.6.11)

2022-09-25 23:25:16.465  INFO 30504 --- [    Test worker] c.e.a.controller.AccountControllerTest   : Starting AccountControllerTest using Java 11.0.16.1 on DESKTOP-IVVS8I6 with PID 30504 (started by anima in C:\sebinSample\Account)
2022-09-25 23:25:16.468  INFO 30504 --- [    Test worker] c.e.a.controller.AccountControllerTest   : No active profile set, falling back to 1 default profile: "default"
2022-09-25 23:25:19.213  INFO 30504 --- [    Test worker] o.s.b.t.m.w.SpringBootMockServletContext : Initializing Spring TestDispatcherServlet ''
2022-09-25 23:25:19.213  INFO 30504 --- [    Test worker] o.s.t.web.servlet.TestDispatcherServlet  : Initializing Servlet ''
2022-09-25 23:25:19.215  INFO 30504 --- [    Test worker] o.s.t.web.servlet.TestDispatcherServlet  : Completed initialization in 2 ms
2022-09-25 23:25:19.269  INFO 30504 --- [    Test worker] c.e.a.controller.AccountControllerTest   : Started AccountControllerTest in 3.011 seconds (JVM running for 32.207)

MockHttpServletRequest:
      HTTP Method = GET
      Request URI = /account
       Parameters = {user_id=[1]}
          Headers = []
             Body = null
    Session Attrs = {}

Handler:
             Type = com.example.account.controller.AccountController
           Method = com.example.account.controller.AccountController#getAccountByUserId(Long)

Async:
    Async started = false
     Async result = null

Resolved Exception:
             Type = null

ModelAndView:
        View name = null
             View = null
            Model = null

FlashMap:
       Attributes = null

MockHttpServletResponse:
           Status = 200
    Error message = null
          Headers = [Content-Type:"application/json"]
     Content type = application/json
             Body = [{"accountNumber":"100000000","balance":0},{"accountNumber":"100000001","balance":10000},{"accountNumber":"100000002","balance":20000}]
    Forwarded URL = null
   Redirected URL = null
          Cookies = []
2022-09-25 23:25:20.043 ERROR 30504 --- [    Test worker] c.e.a.exception.GlobalExceptionHandler   : ACCOUNT_NOT_FOUND is occured.

MockHttpServletRequest:
      HTTP Method = GET
      Request URI = /account
       Parameters = {user_id=[1]}
          Headers = []
             Body = null
    Session Attrs = {}

Handler:
             Type = com.example.account.controller.AccountController
           Method = com.example.account.controller.AccountController#getAccountByUserId(Long)

Async:
    Async started = false
     Async result = null

Resolved Exception:
             Type = com.example.account.exception.AccountException

ModelAndView:
        View name = null
             View = null
            Model = null

FlashMap:
       Attributes = null

MockHttpServletResponse:
           Status = 200
    Error message = null
          Headers = [Content-Type:"application/json"]
     Content type = application/json
             Body = {"errorCode":"ACCOUNT_NOT_FOUND","errorMessage":"계좌가 없습니다."}
    Forwarded URL = null
   Redirected URL = null
          Cookies = []

MockHttpServletRequest:
      HTTP Method = DELETE
      Request URI = /account
       Parameters = {}
          Headers = [Content-Type:"application/json;charset=UTF-8", Content-Length:"45"]
             Body = {"userId":33333,"accountNumber":"1234567890"}
    Session Attrs = {}

Handler:
             Type = com.example.account.controller.AccountController
           Method = com.example.account.controller.AccountController#deleteAccount(Request)

Async:
    Async started = false
     Async result = null

Resolved Exception:
             Type = null

ModelAndView:
        View name = null
             View = null
            Model = null

FlashMap:
       Attributes = null

MockHttpServletResponse:
           Status = 200
    Error message = null
          Headers = [Content-Type:"application/json"]
     Content type = application/json
             Body = {"userId":1,"accountNumber":"1111111111","unregisteredAt":"2022-08-21T14:23:00"}
    Forwarded URL = null
   Redirected URL = null
          Cookies = []
]]></system-out>
  <system-err><![CDATA[]]></system-err>
</testsuite>
